2016-05-29 19:20:38.373 (PID: 11463) ERROR sampleProducer - Error creating stream: TimeoutError: Missing credentials in config
2016-05-29 19:21:33.205 (PID: 11465) ERROR sampleProducer - Error creating stream: TimeoutError: Missing credentials in config
2016-05-29 19:22:14.956 (PID: 11468) ERROR sampleProducer - Error creating stream: TimeoutError: Missing credentials in config
2016-05-29 19:24:11.279 (PID: 11473) ERROR sampleProducer - Error creating stream: CredentialsError: Missing credentials in config
2016-05-29 19:32:05.306 (PID: 11497) INFO sampleProducer - appbase_test stream is already created. Re-using it.
2016-05-29 19:32:07.688 (PID: 11497) INFO sampleProducer - Current status of the stream is ACTIVE.
2016-05-29 19:32:09.369 (PID: 11497) INFO sampleProducer - Successfully sent data to Kinesis.
2016-05-29 19:32:09.399 (PID: 11497) INFO sampleProducer - Successfully sent data to Kinesis.
2016-05-29 19:32:09.403 (PID: 11497) INFO sampleProducer - Successfully sent data to Kinesis.
2016-05-29 19:32:09.417 (PID: 11497) INFO sampleProducer - Successfully sent data to Kinesis.
2016-05-29 19:32:09.427 (PID: 11497) INFO sampleProducer - Successfully sent data to Kinesis.
2016-05-29 19:32:09.533 (PID: 11497) INFO sampleProducer - Successfully sent data to Kinesis.
2016-05-29 19:32:09.997 (PID: 11497) INFO sampleProducer - Successfully sent data to Kinesis.
2016-05-29 19:32:11.087 (PID: 11497) INFO sampleProducer - Successfully sent data to Kinesis.
2016-05-29 19:32:11.127 (PID: 11497) INFO sampleProducer - Successfully sent data to Kinesis.
2016-05-29 19:32:12.135 (PID: 11497) INFO sampleProducer - Successfully sent data to Kinesis.
2016-05-29 19:57:02.671 (PID: 11540) INFO sampleProducer - appbase_test stream is already created. Re-using it.
2016-05-29 19:57:03.803 (PID: 11540) INFO sampleProducer - Current status of the stream is ACTIVE.
2016-05-29 20:00:05.525 (PID: 11545) INFO sampleProducer - appbase_test stream is already created. Re-using it.
2016-05-29 20:00:58.968 (PID: 11549) INFO sampleProducer - appbase_test stream is already created. Re-using it.
2016-05-29 20:01:26.714 (PID: 11550) INFO sampleProducer - appbase_test stream is already created. Re-using it.
2016-05-29 20:01:28.029 (PID: 11550) INFO sampleProducer - Current status of the stream is ACTIVE.
2016-05-29 20:03:21.934 (PID: 11557) INFO sampleProducer - appbase_test stream is already created. Re-using it.
2016-05-29 20:10:14.712 (PID: 11571) INFO sampleProducer - appbase_test stream is already created. Re-using it.
2016-05-29 20:10:15.962 (PID: 11571) INFO sampleProducer - Current status of the stream is ACTIVE.
2016-05-29 20:10:34.493 (PID: 11573) INFO sampleProducer - appbase_test stream is already created. Re-using it.
2016-05-29 20:10:35.808 (PID: 11573) INFO sampleProducer - Current status of the stream is ACTIVE.
2016-05-29 20:11:50.198 (PID: 11579) INFO sampleProducer - appbase_test stream is already created. Re-using it.
2016-05-29 20:12:08.703 (PID: 11580) INFO sampleProducer - appbase_test stream is already created. Re-using it.
2016-05-29 20:12:09.733 (PID: 11580) INFO sampleProducer - Current status of the stream is ACTIVE.
2016-05-29 20:28:03.045 (PID: 11596) INFO sampleProducer - appbase_test stream is already created. Re-using it.
2016-05-29 20:29:20.443 (PID: 11599) INFO sampleProducer - appbase_test stream is already created. Re-using it.
2016-05-29 20:31:04.455 (PID: 11604) INFO sampleProducer - appbase_test stream is already created. Re-using it.
2016-05-29 20:31:05.742 (PID: 11604) INFO sampleProducer - Current status of the stream is ACTIVE.
2016-05-29 20:33:36.008 (PID: 11606) INFO sampleProducer - appbase_test stream is already created. Re-using it.
2016-05-29 20:34:17.113 (PID: 11608) INFO sampleProducer - appbase_test stream is already created. Re-using it.
2016-05-29 20:34:18.355 (PID: 11608) INFO sampleProducer - Current status of the stream is ACTIVE.
2016-05-29 20:37:27.252 (PID: 11621) INFO sampleProducer - appbase_test stream is already created. Re-using it.
2016-05-29 20:38:18.179 (PID: 11623) INFO sampleProducer - appbase_test stream is already created. Re-using it.
2016-05-29 20:44:16.060 (PID: 11640) INFO sampleProducer - appbase_test stream is already created. Re-using it.
2016-05-29 20:47:42.308 (PID: 11647) INFO sampleProducer - appbase_test stream is already created. Re-using it.
2016-05-29 20:47:43.323 (PID: 11647) INFO sampleProducer - Current status of the stream is ACTIVE.
2016-05-29 20:47:43.327 (PID: 11647) INFO sampleProducer - Successfully sent data to Kinesis.
2016-05-29 20:51:40.601 (PID: 11660) INFO sampleProducer - appbase_test stream is already created. Re-using it.
2016-05-29 20:51:41.613 (PID: 11660) INFO sampleProducer - Current status of the stream is ACTIVE.
2016-05-29 20:51:41.724 (PID: 11660) INFO sampleProducer - Successfully sent data to Kinesis.
2016-05-29 20:51:41.821 (PID: 11660) INFO sampleProducer - Successfully sent data to Kinesis.
2016-05-29 20:51:42.379 (PID: 11660) INFO sampleProducer - Successfully sent data to Kinesis.
2016-05-29 20:52:04.939 (PID: 11662) INFO sampleProducer - appbase_test stream is already created. Re-using it.
2016-05-29 20:52:06.080 (PID: 11662) INFO sampleProducer - Current status of the stream is ACTIVE.
2016-05-29 20:52:06.744 (PID: 11662) INFO sampleProducer - Successfully sent data to Kinesis.
2016-05-29 20:52:06.982 (PID: 11662) INFO sampleProducer - Successfully sent data to Kinesis.
2016-05-29 20:52:06.983 (PID: 11662) INFO sampleProducer - Successfully sent data to Kinesis.
2016-05-29 20:52:08.423 (PID: 11662) INFO sampleProducer - Successfully sent data to Kinesis.
2016-05-29 20:52:08.473 (PID: 11662) INFO sampleProducer - Successfully sent data to Kinesis.
2016-05-29 20:52:08.643 (PID: 11662) INFO sampleProducer - Successfully sent data to Kinesis.
2016-05-29 20:52:54.453 (PID: 11667) INFO sampleProducer - test_stream stream doesn't exist. Created a new stream with that name ..
2016-05-29 20:52:55.809 (PID: 11667) INFO sampleProducer - Current status of the stream is CREATING.
2016-05-29 20:52:57.182 (PID: 11667) ERROR sampleProducer - { [ResourceNotFoundException: Stream test_stream under account 145023563658 not found.]
  message: 'Stream test_stream under account 145023563658 not found.',
  code: 'ResourceNotFoundException',
  time: Sun May 29 2016 20:52:57 GMT+0530 (IST),
  requestId: '37bfe2d8-25b1-11e6-b60c-dfd781cbb509',
  statusCode: 400,
  retryable: false,
  retryDelay: 94.88114002160728 }
ResourceNotFoundException: Stream test_stream under account 145023563658 not found.
    at Request.extractError (/Users/Rishi/node_modules/aws-sdk/lib/protocol/json.js:43:27)
    at Request.callListeners (/Users/Rishi/node_modules/aws-sdk/lib/sequential_executor.js:105:20)
    at Request.emit (/Users/Rishi/node_modules/aws-sdk/lib/sequential_executor.js:77:10)
    at Request.emit (/Users/Rishi/node_modules/aws-sdk/lib/request.js:615:14)
    at Request.transition (/Users/Rishi/node_modules/aws-sdk/lib/request.js:22:10)
    at AcceptorStateMachine.runTo (/Users/Rishi/node_modules/aws-sdk/lib/state_machine.js:14:12)
    at /Users/Rishi/node_modules/aws-sdk/lib/state_machine.js:26:10
    at Request.<anonymous> (/Users/Rishi/node_modules/aws-sdk/lib/request.js:38:9)
    at Request.<anonymous> (/Users/Rishi/node_modules/aws-sdk/lib/request.js:617:12)
    at Request.callListeners (/Users/Rishi/node_modules/aws-sdk/lib/sequential_executor.js:115:18)
2016-05-29 20:52:58.680 (PID: 11667) ERROR sampleProducer - { [ResourceNotFoundException: Stream test_stream under account 145023563658 not found.]
  message: 'Stream test_stream under account 145023563658 not found.',
  code: 'ResourceNotFoundException',
  time: Sun May 29 2016 20:52:58 GMT+0530 (IST),
  requestId: '38a0cce0-25b1-11e6-a038-a77956581978',
  statusCode: 400,
  retryable: false,
  retryDelay: 98.89383923728019 }
ResourceNotFoundException: Stream test_stream under account 145023563658 not found.
    at Request.extractError (/Users/Rishi/node_modules/aws-sdk/lib/protocol/json.js:43:27)
    at Request.callListeners (/Users/Rishi/node_modules/aws-sdk/lib/sequential_executor.js:105:20)
    at Request.emit (/Users/Rishi/node_modules/aws-sdk/lib/sequential_executor.js:77:10)
    at Request.emit (/Users/Rishi/node_modules/aws-sdk/lib/request.js:615:14)
    at Request.transition (/Users/Rishi/node_modules/aws-sdk/lib/request.js:22:10)
    at AcceptorStateMachine.runTo (/Users/Rishi/node_modules/aws-sdk/lib/state_machine.js:14:12)
    at /Users/Rishi/node_modules/aws-sdk/lib/state_machine.js:26:10
    at Request.<anonymous> (/Users/Rishi/node_modules/aws-sdk/lib/request.js:38:9)
    at Request.<anonymous> (/Users/Rishi/node_modules/aws-sdk/lib/request.js:617:12)
    at Request.callListeners (/Users/Rishi/node_modules/aws-sdk/lib/sequential_executor.js:115:18)
2016-05-29 20:52:58.976 (PID: 11667) ERROR sampleProducer - { [ResourceNotFoundException: Stream test_stream under account 145023563658 not found.]
  message: 'Stream test_stream under account 145023563658 not found.',
  code: 'ResourceNotFoundException',
  time: Sun May 29 2016 20:52:58 GMT+0530 (IST),
  requestId: '38d6d096-25b1-11e6-9024-f3a15d6f711c',
  statusCode: 400,
  retryable: false,
  retryDelay: 94.04267396312207 }
ResourceNotFoundException: Stream test_stream under account 145023563658 not found.
    at Request.extractError (/Users/Rishi/node_modules/aws-sdk/lib/protocol/json.js:43:27)
    at Request.callListeners (/Users/Rishi/node_modules/aws-sdk/lib/sequential_executor.js:105:20)
    at Request.emit (/Users/Rishi/node_modules/aws-sdk/lib/sequential_executor.js:77:10)
    at Request.emit (/Users/Rishi/node_modules/aws-sdk/lib/request.js:615:14)
    at Request.transition (/Users/Rishi/node_modules/aws-sdk/lib/request.js:22:10)
    at AcceptorStateMachine.runTo (/Users/Rishi/node_modules/aws-sdk/lib/state_machine.js:14:12)
    at /Users/Rishi/node_modules/aws-sdk/lib/state_machine.js:26:10
    at Request.<anonymous> (/Users/Rishi/node_modules/aws-sdk/lib/request.js:38:9)
    at Request.<anonymous> (/Users/Rishi/node_modules/aws-sdk/lib/request.js:617:12)
    at Request.callListeners (/Users/Rishi/node_modules/aws-sdk/lib/sequential_executor.js:115:18)
2016-05-29 20:53:00.714 (PID: 11667) ERROR sampleProducer - { [ResourceNotFoundException: Stream test_stream under account 145023563658 not found.]
  message: 'Stream test_stream under account 145023563658 not found.',
  code: 'ResourceNotFoundException',
  time: Sun May 29 2016 20:53:00 GMT+0530 (IST),
  requestId: '39dfdbd2-25b1-11e6-8b01-9bfebd70a2a5',
  statusCode: 400,
  retryable: false,
  retryDelay: 98.60077700577676 }
ResourceNotFoundException: Stream test_stream under account 145023563658 not found.
    at Request.extractError (/Users/Rishi/node_modules/aws-sdk/lib/protocol/json.js:43:27)
    at Request.callListeners (/Users/Rishi/node_modules/aws-sdk/lib/sequential_executor.js:105:20)
    at Request.emit (/Users/Rishi/node_modules/aws-sdk/lib/sequential_executor.js:77:10)
    at Request.emit (/Users/Rishi/node_modules/aws-sdk/lib/request.js:615:14)
    at Request.transition (/Users/Rishi/node_modules/aws-sdk/lib/request.js:22:10)
    at AcceptorStateMachine.runTo (/Users/Rishi/node_modules/aws-sdk/lib/state_machine.js:14:12)
    at /Users/Rishi/node_modules/aws-sdk/lib/state_machine.js:26:10
    at Request.<anonymous> (/Users/Rishi/node_modules/aws-sdk/lib/request.js:38:9)
    at Request.<anonymous> (/Users/Rishi/node_modules/aws-sdk/lib/request.js:617:12)
    at Request.callListeners (/Users/Rishi/node_modules/aws-sdk/lib/sequential_executor.js:115:18)
2016-05-29 20:53:00.912 (PID: 11667) ERROR sampleProducer - { [ResourceNotFoundException: Stream test_stream under account 145023563658 not found.]
  message: 'Stream test_stream under account 145023563658 not found.',
  code: 'ResourceNotFoundException',
  time: Sun May 29 2016 20:53:00 GMT+0530 (IST),
  requestId: '39fe603c-25b1-11e6-b860-f1c87dfe5930',
  statusCode: 400,
  retryable: false,
  retryDelay: 46.32177285384387 }
ResourceNotFoundException: Stream test_stream under account 145023563658 not found.
    at Request.extractError (/Users/Rishi/node_modules/aws-sdk/lib/protocol/json.js:43:27)
    at Request.callListeners (/Users/Rishi/node_modules/aws-sdk/lib/sequential_executor.js:105:20)
    at Request.emit (/Users/Rishi/node_modules/aws-sdk/lib/sequential_executor.js:77:10)
    at Request.emit (/Users/Rishi/node_modules/aws-sdk/lib/request.js:615:14)
    at Request.transition (/Users/Rishi/node_modules/aws-sdk/lib/request.js:22:10)
    at AcceptorStateMachine.runTo (/Users/Rishi/node_modules/aws-sdk/lib/state_machine.js:14:12)
    at /Users/Rishi/node_modules/aws-sdk/lib/state_machine.js:26:10
    at Request.<anonymous> (/Users/Rishi/node_modules/aws-sdk/lib/request.js:38:9)
    at Request.<anonymous> (/Users/Rishi/node_modules/aws-sdk/lib/request.js:617:12)
    at Request.callListeners (/Users/Rishi/node_modules/aws-sdk/lib/sequential_executor.js:115:18)
2016-05-29 20:53:01.130 (PID: 11667) ERROR sampleProducer - { [ResourceNotFoundException: Stream test_stream under account 145023563658 not found.]
  message: 'Stream test_stream under account 145023563658 not found.',
  code: 'ResourceNotFoundException',
  time: Sun May 29 2016 20:53:01 GMT+0530 (IST),
  requestId: '3a1f7cc3-25b1-11e6-b2cd-9b36619fdca0',
  statusCode: 400,
  retryable: false,
  retryDelay: 53.061800356954336 }
ResourceNotFoundException: Stream test_stream under account 145023563658 not found.
    at Request.extractError (/Users/Rishi/node_modules/aws-sdk/lib/protocol/json.js:43:27)
    at Request.callListeners (/Users/Rishi/node_modules/aws-sdk/lib/sequential_executor.js:105:20)
    at Request.emit (/Users/Rishi/node_modules/aws-sdk/lib/sequential_executor.js:77:10)
    at Request.emit (/Users/Rishi/node_modules/aws-sdk/lib/request.js:615:14)
    at Request.transition (/Users/Rishi/node_modules/aws-sdk/lib/request.js:22:10)
    at AcceptorStateMachine.runTo (/Users/Rishi/node_modules/aws-sdk/lib/state_machine.js:14:12)
    at /Users/Rishi/node_modules/aws-sdk/lib/state_machine.js:26:10
    at Request.<anonymous> (/Users/Rishi/node_modules/aws-sdk/lib/request.js:38:9)
    at Request.<anonymous> (/Users/Rishi/node_modules/aws-sdk/lib/request.js:617:12)
    at Request.callListeners (/Users/Rishi/node_modules/aws-sdk/lib/sequential_executor.js:115:18)
2016-05-29 20:53:01.473 (PID: 11667) ERROR sampleProducer - { [ResourceNotFoundException: Stream test_stream under account 145023563658 not found.]
  message: 'Stream test_stream under account 145023563658 not found.',
  code: 'ResourceNotFoundException',
  time: Sun May 29 2016 20:53:01 GMT+0530 (IST),
  requestId: '3a53faa1-25b1-11e6-8cb0-8d3caeb9e057',
  statusCode: 400,
  retryable: false,
  retryDelay: 69.5075903320685 }
ResourceNotFoundException: Stream test_stream under account 145023563658 not found.
    at Request.extractError (/Users/Rishi/node_modules/aws-sdk/lib/protocol/json.js:43:27)
    at Request.callListeners (/Users/Rishi/node_modules/aws-sdk/lib/sequential_executor.js:105:20)
    at Request.emit (/Users/Rishi/node_modules/aws-sdk/lib/sequential_executor.js:77:10)
    at Request.emit (/Users/Rishi/node_modules/aws-sdk/lib/request.js:615:14)
    at Request.transition (/Users/Rishi/node_modules/aws-sdk/lib/request.js:22:10)
    at AcceptorStateMachine.runTo (/Users/Rishi/node_modules/aws-sdk/lib/state_machine.js:14:12)
    at /Users/Rishi/node_modules/aws-sdk/lib/state_machine.js:26:10
    at Request.<anonymous> (/Users/Rishi/node_modules/aws-sdk/lib/request.js:38:9)
    at Request.<anonymous> (/Users/Rishi/node_modules/aws-sdk/lib/request.js:617:12)
    at Request.callListeners (/Users/Rishi/node_modules/aws-sdk/lib/sequential_executor.js:115:18)
2016-05-29 20:53:01.517 (PID: 11667) ERROR sampleProducer - { [ResourceNotFoundException: Stream test_stream under account 145023563658 not found.]
  message: 'Stream test_stream under account 145023563658 not found.',
  code: 'ResourceNotFoundException',
  time: Sun May 29 2016 20:53:01 GMT+0530 (IST),
  requestId: '3a5a15b5-25b1-11e6-b8ef-1bfe0f16ed24',
  statusCode: 400,
  retryable: false,
  retryDelay: 21.20660785585642 }
ResourceNotFoundException: Stream test_stream under account 145023563658 not found.
    at Request.extractError (/Users/Rishi/node_modules/aws-sdk/lib/protocol/json.js:43:27)
    at Request.callListeners (/Users/Rishi/node_modules/aws-sdk/lib/sequential_executor.js:105:20)
    at Request.emit (/Users/Rishi/node_modules/aws-sdk/lib/sequential_executor.js:77:10)
    at Request.emit (/Users/Rishi/node_modules/aws-sdk/lib/request.js:615:14)
    at Request.transition (/Users/Rishi/node_modules/aws-sdk/lib/request.js:22:10)
    at AcceptorStateMachine.runTo (/Users/Rishi/node_modules/aws-sdk/lib/state_machine.js:14:12)
    at /Users/Rishi/node_modules/aws-sdk/lib/state_machine.js:26:10
    at Request.<anonymous> (/Users/Rishi/node_modules/aws-sdk/lib/request.js:38:9)
    at Request.<anonymous> (/Users/Rishi/node_modules/aws-sdk/lib/request.js:617:12)
    at Request.callListeners (/Users/Rishi/node_modules/aws-sdk/lib/sequential_executor.js:115:18)
2016-05-29 20:53:01.628 (PID: 11667) ERROR sampleProducer - { [ResourceNotFoundException: Stream test_stream under account 145023563658 not found.]
  message: 'Stream test_stream under account 145023563658 not found.',
  code: 'ResourceNotFoundException',
  time: Sun May 29 2016 20:53:01 GMT+0530 (IST),
  requestId: '3a6ba173-25b1-11e6-899c-c58c86245395',
  statusCode: 400,
  retryable: false,
  retryDelay: 0.8893492864444852 }
ResourceNotFoundException: Stream test_stream under account 145023563658 not found.
    at Request.extractError (/Users/Rishi/node_modules/aws-sdk/lib/protocol/json.js:43:27)
    at Request.callListeners (/Users/Rishi/node_modules/aws-sdk/lib/sequential_executor.js:105:20)
    at Request.emit (/Users/Rishi/node_modules/aws-sdk/lib/sequential_executor.js:77:10)
    at Request.emit (/Users/Rishi/node_modules/aws-sdk/lib/request.js:615:14)
    at Request.transition (/Users/Rishi/node_modules/aws-sdk/lib/request.js:22:10)
    at AcceptorStateMachine.runTo (/Users/Rishi/node_modules/aws-sdk/lib/state_machine.js:14:12)
    at /Users/Rishi/node_modules/aws-sdk/lib/state_machine.js:26:10
    at Request.<anonymous> (/Users/Rishi/node_modules/aws-sdk/lib/request.js:38:9)
    at Request.<anonymous> (/Users/Rishi/node_modules/aws-sdk/lib/request.js:617:12)
    at Request.callListeners (/Users/Rishi/node_modules/aws-sdk/lib/sequential_executor.js:115:18)
2016-05-29 20:53:01.715 (PID: 11667) ERROR sampleProducer - { [ResourceNotFoundException: Stream test_stream under account 145023563658 not found.]
  message: 'Stream test_stream under account 145023563658 not found.',
  code: 'ResourceNotFoundException',
  time: Sun May 29 2016 20:53:01 GMT+0530 (IST),
  requestId: '3a78c0f3-25b1-11e6-bcc6-936d17e3b082',
  statusCode: 400,
  retryable: false,
  retryDelay: 33.46171574667096 }
ResourceNotFoundException: Stream test_stream under account 145023563658 not found.
    at Request.extractError (/Users/Rishi/node_modules/aws-sdk/lib/protocol/json.js:43:27)
    at Request.callListeners (/Users/Rishi/node_modules/aws-sdk/lib/sequential_executor.js:105:20)
    at Request.emit (/Users/Rishi/node_modules/aws-sdk/lib/sequential_executor.js:77:10)
    at Request.emit (/Users/Rishi/node_modules/aws-sdk/lib/request.js:615:14)
    at Request.transition (/Users/Rishi/node_modules/aws-sdk/lib/request.js:22:10)
    at AcceptorStateMachine.runTo (/Users/Rishi/node_modules/aws-sdk/lib/state_machine.js:14:12)
    at /Users/Rishi/node_modules/aws-sdk/lib/state_machine.js:26:10
    at Request.<anonymous> (/Users/Rishi/node_modules/aws-sdk/lib/request.js:38:9)
    at Request.<anonymous> (/Users/Rishi/node_modules/aws-sdk/lib/request.js:617:12)
    at Request.callListeners (/Users/Rishi/node_modules/aws-sdk/lib/sequential_executor.js:115:18)
2016-05-29 20:53:02.028 (PID: 11667) INFO sampleProducer - Current status of the stream is CREATING.
2016-05-29 20:53:02.471 (PID: 11667) ERROR sampleProducer - { [ResourceNotFoundException: Stream test_stream under account 145023563658 not found.]
  message: 'Stream test_stream under account 145023563658 not found.',
  code: 'ResourceNotFoundException',
  time: Sun May 29 2016 20:53:02 GMT+0530 (IST),
  requestId: '3aebf504-25b1-11e6-9956-fd32bd4f133c',
  statusCode: 400,
  retryable: false,
  retryDelay: 33.07354645803571 }
ResourceNotFoundException: Stream test_stream under account 145023563658 not found.
    at Request.extractError (/Users/Rishi/node_modules/aws-sdk/lib/protocol/json.js:43:27)
    at Request.callListeners (/Users/Rishi/node_modules/aws-sdk/lib/sequential_executor.js:105:20)
    at Request.emit (/Users/Rishi/node_modules/aws-sdk/lib/sequential_executor.js:77:10)
    at Request.emit (/Users/Rishi/node_modules/aws-sdk/lib/request.js:615:14)
    at Request.transition (/Users/Rishi/node_modules/aws-sdk/lib/request.js:22:10)
    at AcceptorStateMachine.runTo (/Users/Rishi/node_modules/aws-sdk/lib/state_machine.js:14:12)
    at /Users/Rishi/node_modules/aws-sdk/lib/state_machine.js:26:10
    at Request.<anonymous> (/Users/Rishi/node_modules/aws-sdk/lib/request.js:38:9)
    at Request.<anonymous> (/Users/Rishi/node_modules/aws-sdk/lib/request.js:617:12)
    at Request.callListeners (/Users/Rishi/node_modules/aws-sdk/lib/sequential_executor.js:115:18)
2016-05-29 20:53:03.994 (PID: 11667) ERROR sampleProducer - { [ResourceNotFoundException: Stream test_stream under account 145023563658 not found.]
  message: 'Stream test_stream under account 145023563658 not found.',
  code: 'ResourceNotFoundException',
  time: Sun May 29 2016 20:53:03 GMT+0530 (IST),
  requestId: '3bcf9dfd-25b1-11e6-989d-49e633eed1c4',
  statusCode: 400,
  retryable: false,
  retryDelay: 49.61169727612287 }
ResourceNotFoundException: Stream test_stream under account 145023563658 not found.
    at Request.extractError (/Users/Rishi/node_modules/aws-sdk/lib/protocol/json.js:43:27)
    at Request.callListeners (/Users/Rishi/node_modules/aws-sdk/lib/sequential_executor.js:105:20)
    at Request.emit (/Users/Rishi/node_modules/aws-sdk/lib/sequential_executor.js:77:10)
    at Request.emit (/Users/Rishi/node_modules/aws-sdk/lib/request.js:615:14)
    at Request.transition (/Users/Rishi/node_modules/aws-sdk/lib/request.js:22:10)
    at AcceptorStateMachine.runTo (/Users/Rishi/node_modules/aws-sdk/lib/state_machine.js:14:12)
    at /Users/Rishi/node_modules/aws-sdk/lib/state_machine.js:26:10
    at Request.<anonymous> (/Users/Rishi/node_modules/aws-sdk/lib/request.js:38:9)
    at Request.<anonymous> (/Users/Rishi/node_modules/aws-sdk/lib/request.js:617:12)
    at Request.callListeners (/Users/Rishi/node_modules/aws-sdk/lib/sequential_executor.js:115:18)
2016-05-29 20:53:05.241 (PID: 11667) ERROR sampleProducer - { [ResourceNotFoundException: Stream test_stream under account 145023563658 not found.]
  message: 'Stream test_stream under account 145023563658 not found.',
  code: 'ResourceNotFoundException',
  time: Sun May 29 2016 20:53:05 GMT+0530 (IST),
  requestId: '3c85a760-25b1-11e6-b2cd-9b36619fdca0',
  statusCode: 400,
  retryable: false,
  retryDelay: 60.63364103902131 }
ResourceNotFoundException: Stream test_stream under account 145023563658 not found.
    at Request.extractError (/Users/Rishi/node_modules/aws-sdk/lib/protocol/json.js:43:27)
    at Request.callListeners (/Users/Rishi/node_modules/aws-sdk/lib/sequential_executor.js:105:20)
    at Request.emit (/Users/Rishi/node_modules/aws-sdk/lib/sequential_executor.js:77:10)
    at Request.emit (/Users/Rishi/node_modules/aws-sdk/lib/request.js:615:14)
    at Request.transition (/Users/Rishi/node_modules/aws-sdk/lib/request.js:22:10)
    at AcceptorStateMachine.runTo (/Users/Rishi/node_modules/aws-sdk/lib/state_machine.js:14:12)
    at /Users/Rishi/node_modules/aws-sdk/lib/state_machine.js:26:10
    at Request.<anonymous> (/Users/Rishi/node_modules/aws-sdk/lib/request.js:38:9)
    at Request.<anonymous> (/Users/Rishi/node_modules/aws-sdk/lib/request.js:617:12)
    at Request.callListeners (/Users/Rishi/node_modules/aws-sdk/lib/sequential_executor.js:115:18)
2016-05-29 20:53:06.611 (PID: 11667) ERROR sampleProducer - { [ResourceNotFoundException: Stream test_stream under account 145023563658 not found.]
  message: 'Stream test_stream under account 145023563658 not found.',
  code: 'ResourceNotFoundException',
  time: Sun May 29 2016 20:53:06 GMT+0530 (IST),
  requestId: '3d65cf15-25b1-11e6-b2cd-9b36619fdca0',
  statusCode: 400,
  retryable: false,
  retryDelay: 10.17486706841737 }
ResourceNotFoundException: Stream test_stream under account 145023563658 not found.
    at Request.extractError (/Users/Rishi/node_modules/aws-sdk/lib/protocol/json.js:43:27)
    at Request.callListeners (/Users/Rishi/node_modules/aws-sdk/lib/sequential_executor.js:105:20)
    at Request.emit (/Users/Rishi/node_modules/aws-sdk/lib/sequential_executor.js:77:10)
    at Request.emit (/Users/Rishi/node_modules/aws-sdk/lib/request.js:615:14)
    at Request.transition (/Users/Rishi/node_modules/aws-sdk/lib/request.js:22:10)
    at AcceptorStateMachine.runTo (/Users/Rishi/node_modules/aws-sdk/lib/state_machine.js:14:12)
    at /Users/Rishi/node_modules/aws-sdk/lib/state_machine.js:26:10
    at Request.<anonymous> (/Users/Rishi/node_modules/aws-sdk/lib/request.js:38:9)
    at Request.<anonymous> (/Users/Rishi/node_modules/aws-sdk/lib/request.js:617:12)
    at Request.callListeners (/Users/Rishi/node_modules/aws-sdk/lib/sequential_executor.js:115:18)
2016-05-29 20:53:06.861 (PID: 11667) ERROR sampleProducer - { [ResourceNotFoundException: Stream test_stream under account 145023563658 not found.]
  message: 'Stream test_stream under account 145023563658 not found.',
  code: 'ResourceNotFoundException',
  time: Sun May 29 2016 20:53:06 GMT+0530 (IST),
  requestId: '3d8341a0-25b1-11e6-9fed-3bc7be558409',
  statusCode: 400,
  retryable: false,
  retryDelay: 23.75711218919605 }
ResourceNotFoundException: Stream test_stream under account 145023563658 not found.
    at Request.extractError (/Users/Rishi/node_modules/aws-sdk/lib/protocol/json.js:43:27)
    at Request.callListeners (/Users/Rishi/node_modules/aws-sdk/lib/sequential_executor.js:105:20)
    at Request.emit (/Users/Rishi/node_modules/aws-sdk/lib/sequential_executor.js:77:10)
    at Request.emit (/Users/Rishi/node_modules/aws-sdk/lib/request.js:615:14)
    at Request.transition (/Users/Rishi/node_modules/aws-sdk/lib/request.js:22:10)
    at AcceptorStateMachine.runTo (/Users/Rishi/node_modules/aws-sdk/lib/state_machine.js:14:12)
    at /Users/Rishi/node_modules/aws-sdk/lib/state_machine.js:26:10
    at Request.<anonymous> (/Users/Rishi/node_modules/aws-sdk/lib/request.js:38:9)
    at Request.<anonymous> (/Users/Rishi/node_modules/aws-sdk/lib/request.js:617:12)
    at Request.callListeners (/Users/Rishi/node_modules/aws-sdk/lib/sequential_executor.js:115:18)
2016-05-29 20:53:08.057 (PID: 11667) ERROR sampleProducer - { [ResourceNotFoundException: Stream test_stream under account 145023563658 not found.]
  message: 'Stream test_stream under account 145023563658 not found.',
  code: 'ResourceNotFoundException',
  time: Sun May 29 2016 20:53:08 GMT+0530 (IST),
  requestId: '3e40eca0-25b1-11e6-9423-f52b67110936',
  statusCode: 400,
  retryable: false,
  retryDelay: 36.83092310093343 }
ResourceNotFoundException: Stream test_stream under account 145023563658 not found.
    at Request.extractError (/Users/Rishi/node_modules/aws-sdk/lib/protocol/json.js:43:27)
    at Request.callListeners (/Users/Rishi/node_modules/aws-sdk/lib/sequential_executor.js:105:20)
    at Request.emit (/Users/Rishi/node_modules/aws-sdk/lib/sequential_executor.js:77:10)
    at Request.emit (/Users/Rishi/node_modules/aws-sdk/lib/request.js:615:14)
    at Request.transition (/Users/Rishi/node_modules/aws-sdk/lib/request.js:22:10)
    at AcceptorStateMachine.runTo (/Users/Rishi/node_modules/aws-sdk/lib/state_machine.js:14:12)
    at /Users/Rishi/node_modules/aws-sdk/lib/state_machine.js:26:10
    at Request.<anonymous> (/Users/Rishi/node_modules/aws-sdk/lib/request.js:38:9)
    at Request.<anonymous> (/Users/Rishi/node_modules/aws-sdk/lib/request.js:617:12)
    at Request.callListeners (/Users/Rishi/node_modules/aws-sdk/lib/sequential_executor.js:115:18)
2016-05-29 20:53:08.281 (PID: 11667) INFO sampleProducer - Current status of the stream is CREATING.
2016-05-29 20:53:08.602 (PID: 11667) ERROR sampleProducer - { [ResourceNotFoundException: Stream test_stream under account 145023563658 not found.]
  message: 'Stream test_stream under account 145023563658 not found.',
  code: 'ResourceNotFoundException',
  time: Sun May 29 2016 20:53:08 GMT+0530 (IST),
  requestId: '3e8d37d4-25b1-11e6-a4a9-d1db623ea5f6',
  statusCode: 400,
  retryable: false,
  retryDelay: 20.355775160714984 }
ResourceNotFoundException: Stream test_stream under account 145023563658 not found.
    at Request.extractError (/Users/Rishi/node_modules/aws-sdk/lib/protocol/json.js:43:27)
    at Request.callListeners (/Users/Rishi/node_modules/aws-sdk/lib/sequential_executor.js:105:20)
    at Request.emit (/Users/Rishi/node_modules/aws-sdk/lib/sequential_executor.js:77:10)
    at Request.emit (/Users/Rishi/node_modules/aws-sdk/lib/request.js:615:14)
    at Request.transition (/Users/Rishi/node_modules/aws-sdk/lib/request.js:22:10)
    at AcceptorStateMachine.runTo (/Users/Rishi/node_modules/aws-sdk/lib/state_machine.js:14:12)
    at /Users/Rishi/node_modules/aws-sdk/lib/state_machine.js:26:10
    at Request.<anonymous> (/Users/Rishi/node_modules/aws-sdk/lib/request.js:38:9)
    at Request.<anonymous> (/Users/Rishi/node_modules/aws-sdk/lib/request.js:617:12)
    at Request.callListeners (/Users/Rishi/node_modules/aws-sdk/lib/sequential_executor.js:115:18)
2016-05-29 20:53:08.610 (PID: 11667) ERROR sampleProducer - { [ResourceNotFoundException: Stream test_stream under account 145023563658 not found.]
  message: 'Stream test_stream under account 145023563658 not found.',
  code: 'ResourceNotFoundException',
  time: Sun May 29 2016 20:53:08 GMT+0530 (IST),
  requestId: '3e9526e3-25b1-11e6-9a3a-1f6bdfaa403d',
  statusCode: 400,
  retryable: false,
  retryDelay: 61.288528121076524 }
ResourceNotFoundException: Stream test_stream under account 145023563658 not found.
    at Request.extractError (/Users/Rishi/node_modules/aws-sdk/lib/protocol/json.js:43:27)
    at Request.callListeners (/Users/Rishi/node_modules/aws-sdk/lib/sequential_executor.js:105:20)
    at Request.emit (/Users/Rishi/node_modules/aws-sdk/lib/sequential_executor.js:77:10)
    at Request.emit (/Users/Rishi/node_modules/aws-sdk/lib/request.js:615:14)
    at Request.transition (/Users/Rishi/node_modules/aws-sdk/lib/request.js:22:10)
    at AcceptorStateMachine.runTo (/Users/Rishi/node_modules/aws-sdk/lib/state_machine.js:14:12)
    at /Users/Rishi/node_modules/aws-sdk/lib/state_machine.js:26:10
    at Request.<anonymous> (/Users/Rishi/node_modules/aws-sdk/lib/request.js:38:9)
    at Request.<anonymous> (/Users/Rishi/node_modules/aws-sdk/lib/request.js:617:12)
    at Request.callListeners (/Users/Rishi/node_modules/aws-sdk/lib/sequential_executor.js:115:18)
2016-05-29 20:53:10.138 (PID: 11667) ERROR sampleProducer - { [ResourceNotFoundException: Stream test_stream under account 145023563658 not found.]
  message: 'Stream test_stream under account 145023563658 not found.',
  code: 'ResourceNotFoundException',
  time: Sun May 29 2016 20:53:10 GMT+0530 (IST),
  requestId: '3f79458d-25b1-11e6-a4ff-a3956bd90c21',
  statusCode: 400,
  retryable: false,
  retryDelay: 22.225354542024434 }
ResourceNotFoundException: Stream test_stream under account 145023563658 not found.
    at Request.extractError (/Users/Rishi/node_modules/aws-sdk/lib/protocol/json.js:43:27)
    at Request.callListeners (/Users/Rishi/node_modules/aws-sdk/lib/sequential_executor.js:105:20)
    at Request.emit (/Users/Rishi/node_modules/aws-sdk/lib/sequential_executor.js:77:10)
    at Request.emit (/Users/Rishi/node_modules/aws-sdk/lib/request.js:615:14)
    at Request.transition (/Users/Rishi/node_modules/aws-sdk/lib/request.js:22:10)
    at AcceptorStateMachine.runTo (/Users/Rishi/node_modules/aws-sdk/lib/state_machine.js:14:12)
    at /Users/Rishi/node_modules/aws-sdk/lib/state_machine.js:26:10
    at Request.<anonymous> (/Users/Rishi/node_modules/aws-sdk/lib/request.js:38:9)
    at Request.<anonymous> (/Users/Rishi/node_modules/aws-sdk/lib/request.js:617:12)
    at Request.callListeners (/Users/Rishi/node_modules/aws-sdk/lib/sequential_executor.js:115:18)
